Compiling the C compiler identification source file "CMakeCCompilerId.c" failed.
Compiler: C:/mingw64/bin/gcc.exe 
Build flags: 
Id flags:  

The output was:
Exit code 0xc0000135



Compiling the C compiler identification source file "CMakeCCompilerId.c" failed.
Compiler: C:/mingw64/bin/gcc.exe 
Build flags: 
Id flags: -c 

The output was:
Exit code 0xc0000135



Compiling the C compiler identification source file "CMakeCCompilerId.c" failed.
Compiler: C:/mingw64/bin/gcc.exe 
Build flags: 
Id flags: -Aa 

The output was:
Exit code 0xc0000135



Compiling the C compiler identification source file "CMakeCCompilerId.c" failed.
Compiler: C:/mingw64/bin/gcc.exe 
Build flags: 
Id flags: -D__CLASSIC_C__ 

The output was:
Exit code 0xc0000135



Compiling the C compiler identification source file "CMakeCCompilerId.c" failed.
Compiler: C:/mingw64/bin/gcc.exe 
Build flags: 
Id flags: --target=arm-arm-none-eabi;-mcpu=cortex-m3 

The output was:
Exit code 0xc0000135



Compiling the C compiler identification source file "CMakeCCompilerId.c" failed.
Compiler: C:/mingw64/bin/gcc.exe 
Build flags: 
Id flags:  

The output was:
Exit code 0xc0000135



Compiling the C compiler identification source file "CMakeCCompilerId.c" failed.
Compiler: C:/mingw64/bin/gcc.exe 
Build flags: 
Id flags: -c 

The output was:
Exit code 0xc0000135



Compiling the C compiler identification source file "CMakeCCompilerId.c" failed.
Compiler: C:/mingw64/bin/gcc.exe 
Build flags: 
Id flags: -Aa 

The output was:
Exit code 0xc0000135



Compiling the C compiler identification source file "CMakeCCompilerId.c" failed.
Compiler: C:/mingw64/bin/gcc.exe 
Build flags: 
Id flags: -D__CLASSIC_C__ 

The output was:
Exit code 0xc0000135



Compiling the C compiler identification source file "CMakeCCompilerId.c" failed.
Compiler: C:/mingw64/bin/gcc.exe 
Build flags: 
Id flags: --target=arm-arm-none-eabi;-mcpu=cortex-m3 

The output was:
Exit code 0xc0000135



Checking whether the C compiler is IAR using "" did not match "IAR .+ Compiler":
Checking whether the C compiler is IAR using "" did not match "IAR .+ Compiler":
Compiling the CXX compiler identification source file "CMakeCXXCompilerId.cpp" failed.
Compiler: C:/mingw64/bin/g++.exe 
Build flags: 
Id flags:  

The output was:
Exit code 0xc0000135



Compiling the CXX compiler identification source file "CMakeCXXCompilerId.cpp" failed.
Compiler: C:/mingw64/bin/g++.exe 
Build flags: 
Id flags: -c 

The output was:
Exit code 0xc0000135



Compiling the CXX compiler identification source file "CMakeCXXCompilerId.cpp" failed.
Compiler: C:/mingw64/bin/g++.exe 
Build flags: 
Id flags: --c++ 

The output was:
Exit code 0xc0000135



Compiling the CXX compiler identification source file "CMakeCXXCompilerId.cpp" failed.
Compiler: C:/mingw64/bin/g++.exe 
Build flags: 
Id flags: --ec++ 

The output was:
Exit code 0xc0000135



Compiling the CXX compiler identification source file "CMakeCXXCompilerId.cpp" failed.
Compiler: C:/mingw64/bin/g++.exe 
Build flags: 
Id flags: --target=arm-arm-none-eabi;-mcpu=cortex-m3 

The output was:
Exit code 0xc0000135



Compiling the CXX compiler identification source file "CMakeCXXCompilerId.cpp" failed.
Compiler: C:/mingw64/bin/g++.exe 
Build flags: 
Id flags:  

The output was:
Exit code 0xc0000135



Compiling the CXX compiler identification source file "CMakeCXXCompilerId.cpp" failed.
Compiler: C:/mingw64/bin/g++.exe 
Build flags: 
Id flags: -c 

The output was:
Exit code 0xc0000135



Compiling the CXX compiler identification source file "CMakeCXXCompilerId.cpp" failed.
Compiler: C:/mingw64/bin/g++.exe 
Build flags: 
Id flags: --c++ 

The output was:
Exit code 0xc0000135



Compiling the CXX compiler identification source file "CMakeCXXCompilerId.cpp" failed.
Compiler: C:/mingw64/bin/g++.exe 
Build flags: 
Id flags: --ec++ 

The output was:
Exit code 0xc0000135



Compiling the CXX compiler identification source file "CMakeCXXCompilerId.cpp" failed.
Compiler: C:/mingw64/bin/g++.exe 
Build flags: 
Id flags: --target=arm-arm-none-eabi;-mcpu=cortex-m3 

The output was:
Exit code 0xc0000135



Checking whether the CXX compiler is IAR using "" did not match "IAR .+ Compiler":
Checking whether the CXX compiler is IAR using "" did not match "IAR .+ Compiler":
Determining if the C compiler works failed with the following output:
Change Dir: C:/data/Jeremiah/github/codes/cpp/cLion/rectangle/cmake-build-debug/CMakeFiles/CMakeTmp

Run Build Command(s):C:/mingw64/bin/mingw32-make.exe cmTC_75429/fast && Exit code 0xc0000135

Generator: execution of make failed. Make command was: C:/mingw64/bin/mingw32-make.exe cmTC_75429/fast && 


